The target system is: Arduino -  - 
The host system is: Linux - 5.15.133.1-microsoft-standard-WSL2 - x86_64
Compiling the C compiler identification source file "CMakeCCompilerId.c" succeeded.
Compiler: /usr/share/arduino/hardware/tools/avr/bin/avr-gcc 
Build flags: 
Id flags:  

The output was:
0


Compilation of the C compiler identification source "CMakeCCompilerId.c" produced "a.out"

The C compiler identification is GNU, found in "/mnt/c/Code/oscc/firmware/build/CMakeFiles/3.22.1/CompilerIdC/a.out"

Compiling the CXX compiler identification source file "CMakeCXXCompilerId.cpp" succeeded.
Compiler: /usr/share/arduino/hardware/tools/avr/bin/avr-g++ 
Build flags: 
Id flags:  

The output was:
0


Compilation of the CXX compiler identification source "CMakeCXXCompilerId.cpp" produced "a.out"

The CXX compiler identification is GNU, found in "/mnt/c/Code/oscc/firmware/build/CMakeFiles/3.22.1/CompilerIdCXX/a.out"

Detecting C compiler ABI info compiled with the following output:
Change Dir: /mnt/c/Code/oscc/firmware/build/CMakeFiles/CMakeTmp

Run Build Command(s):/usr/bin/gmake -f Makefile cmTC_8e4f5/fast && /usr/bin/gmake  -f CMakeFiles/cmTC_8e4f5.dir/build.make CMakeFiles/cmTC_8e4f5.dir/build
gmake[1]: Entering directory '/mnt/c/Code/oscc/firmware/build/CMakeFiles/CMakeTmp'
Building C object CMakeFiles/cmTC_8e4f5.dir/CMakeCCompilerABI.c.obj
/usr/share/arduino/hardware/tools/avr/bin/avr-gcc   -g -Os       -mcall-prologues -ffunction-sections -fdata-sections    -v -o CMakeFiles/cmTC_8e4f5.dir/CMakeCCompilerABI.c.obj -c /usr/share/cmake-3.22/Modules/CMakeCCompilerABI.c
Using built-in specs.
Reading specs from /usr/share/arduino/hardware/tools/avr/bin/../lib/gcc/avr/4.9.2/device-specs/specs-avr2
COLLECT_GCC=/usr/share/arduino/hardware/tools/avr/bin/avr-gcc
Target: avr
Configured with: ../gcc/configure --enable-fixed-point --enable-languages=c,c++ --prefix=/home/jenkins/workspace/avr-gcc/label/debian7-x86_64/objdir --enable-long-long --disable-nls --disable-checking --disable-libssp --disable-libada --disable-shared --enable-lto --with-avrlibc=yes --with-dwarf2 --disable-doc --target=avr
Thread model: single
gcc version 4.9.2 (GCC) 
COLLECT_GCC_OPTIONS='-g' '-Os' '-mcall-prologues' '-ffunction-sections' '-fdata-sections' '-v' '-o' 'CMakeFiles/cmTC_8e4f5.dir/CMakeCCompilerABI.c.obj' '-c' '-specs=device-specs/specs-avr2'
 /usr/share/arduino/hardware/tools/avr/bin/../libexec/gcc/avr/4.9.2/cc1 -quiet -v -iprefix /usr/share/arduino/hardware/tools/avr/bin/../lib/gcc/avr/4.9.2/ /usr/share/cmake-3.22/Modules/CMakeCCompilerABI.c -mn-flash=6 -mskip-bug -quiet -dumpbase CMakeCCompilerABI.c -mcall-prologues -auxbase-strip CMakeFiles/cmTC_8e4f5.dir/CMakeCCompilerABI.c.obj -g -Os -version -ffunction-sections -fdata-sections -o /tmp/cct5pTsq.s
GNU C (GCC) version 4.9.2 (avr)
	compiled by GNU C version 4.7.2, GMP version 5.0.2, MPFR version 3.0.0, MPC version 0.9
GGC heuristics: --param ggc-min-expand=100 --param ggc-min-heapsize=131072
ignoring nonexistent directory "/usr/share/arduino/hardware/tools/avr/bin/../lib/gcc/avr/4.9.2/../../../../avr/sys-include"
ignoring duplicate directory "/usr/share/arduino/hardware/tools/avr/bin/../lib/gcc/../../lib/gcc/avr/4.9.2/include"
ignoring duplicate directory "/usr/share/arduino/hardware/tools/avr/bin/../lib/gcc/../../lib/gcc/avr/4.9.2/include-fixed"
ignoring nonexistent directory "/usr/share/arduino/hardware/tools/avr/bin/../lib/gcc/../../lib/gcc/avr/4.9.2/../../../../avr/sys-include"
ignoring duplicate directory "/usr/share/arduino/hardware/tools/avr/bin/../lib/gcc/../../lib/gcc/avr/4.9.2/../../../../avr/include"
#include "..." search starts here:
#include <...> search starts here:
 /usr/share/arduino/hardware/tools/avr/bin/../lib/gcc/avr/4.9.2/include
 /usr/share/arduino/hardware/tools/avr/bin/../lib/gcc/avr/4.9.2/include-fixed
 /usr/share/arduino/hardware/tools/avr/bin/../lib/gcc/avr/4.9.2/../../../../avr/include
End of search list.
GNU C (GCC) version 4.9.2 (avr)
	compiled by GNU C version 4.7.2, GMP version 5.0.2, MPFR version 3.0.0, MPC version 0.9
GGC heuristics: --param ggc-min-expand=100 --param ggc-min-heapsize=131072
Compiler executable checksum: 7cc8503644cb69b03942d35a77121f8a
COLLECT_GCC_OPTIONS='-g' '-Os' '-mcall-prologues' '-ffunction-sections' '-fdata-sections' '-v' '-o' 'CMakeFiles/cmTC_8e4f5.dir/CMakeCCompilerABI.c.obj' '-c' '-specs=device-specs/specs-avr2'
 /usr/share/arduino/hardware/tools/avr/bin/../lib/gcc/avr/4.9.2/../../../../avr/bin/as -mmcu=avr2 -o CMakeFiles/cmTC_8e4f5.dir/CMakeCCompilerABI.c.obj /tmp/cct5pTsq.s
COMPILER_PATH=/usr/share/arduino/hardware/tools/avr/bin/../libexec/gcc/avr/4.9.2/:/usr/share/arduino/hardware/tools/avr/bin/../libexec/gcc/:/usr/share/arduino/hardware/tools/avr/bin/../lib/gcc/avr/4.9.2/../../../../avr/bin/
LIBRARY_PATH=/usr/share/arduino/hardware/tools/avr/bin/../lib/gcc/avr/4.9.2/:/usr/share/arduino/hardware/tools/avr/bin/../lib/gcc/:/usr/share/arduino/hardware/tools/avr/bin/../lib/gcc/avr/4.9.2/../../../../avr/lib/
COLLECT_GCC_OPTIONS='-g' '-Os' '-mcall-prologues' '-ffunction-sections' '-fdata-sections' '-v' '-o' 'CMakeFiles/cmTC_8e4f5.dir/CMakeCCompilerABI.c.obj' '-c' '-specs=device-specs/specs-avr2'
Linking C executable cmTC_8e4f5
/usr/bin/cmake -E cmake_link_script CMakeFiles/cmTC_8e4f5.dir/link.txt --verbose=1
/usr/share/arduino/hardware/tools/avr/bin/avr-gcc -g -Os       -mcall-prologues -ffunction-sections -fdata-sections  -Wl,--gc-sections -lm -v CMakeFiles/cmTC_8e4f5.dir/CMakeCCompilerABI.c.obj -o cmTC_8e4f5 
Using built-in specs.
Reading specs from /usr/share/arduino/hardware/tools/avr/bin/../lib/gcc/avr/4.9.2/device-specs/specs-avr2
COLLECT_GCC=/usr/share/arduino/hardware/tools/avr/bin/avr-gcc
COLLECT_LTO_WRAPPER=/usr/share/arduino/hardware/tools/avr/bin/../libexec/gcc/avr/4.9.2/lto-wrapper
Target: avr
Configured with: ../gcc/configure --enable-fixed-point --enable-languages=c,c++ --prefix=/home/jenkins/workspace/avr-gcc/label/debian7-x86_64/objdir --enable-long-long --disable-nls --disable-checking --disable-libssp --disable-libada --disable-shared --enable-lto --with-avrlibc=yes --with-dwarf2 --disable-doc --target=avr
Thread model: single
gcc version 4.9.2 (GCC) 
COMPILER_PATH=/usr/share/arduino/hardware/tools/avr/bin/../libexec/gcc/avr/4.9.2/:/usr/share/arduino/hardware/tools/avr/bin/../libexec/gcc/:/usr/share/arduino/hardware/tools/avr/bin/../lib/gcc/avr/4.9.2/../../../../avr/bin/
LIBRARY_PATH=/usr/share/arduino/hardware/tools/avr/bin/../lib/gcc/avr/4.9.2/:/usr/share/arduino/hardware/tools/avr/bin/../lib/gcc/:/usr/share/arduino/hardware/tools/avr/bin/../lib/gcc/avr/4.9.2/../../../../avr/lib/
COLLECT_GCC_OPTIONS='-g' '-Os' '-mcall-prologues' '-ffunction-sections' '-fdata-sections' '-v' '-o' 'cmTC_8e4f5' '-specs=device-specs/specs-avr2'
 /usr/share/arduino/hardware/tools/avr/bin/../libexec/gcc/avr/4.9.2/collect2 -plugin /usr/share/arduino/hardware/tools/avr/bin/../libexec/gcc/avr/4.9.2/liblto_plugin.so -plugin-opt=/usr/share/arduino/hardware/tools/avr/bin/../libexec/gcc/avr/4.9.2/lto-wrapper -plugin-opt=-fresolution=/tmp/ccqkOPOC.res -plugin-opt=-pass-through=-lgcc -plugin-opt=-pass-through=-lm -plugin-opt=-pass-through=-lc -o cmTC_8e4f5 -L/usr/share/arduino/hardware/tools/avr/bin/../lib/gcc/avr/4.9.2 -L/usr/share/arduino/hardware/tools/avr/bin/../lib/gcc -L/usr/share/arduino/hardware/tools/avr/bin/../lib/gcc/avr/4.9.2/../../../../avr/lib --gc-sections -lm CMakeFiles/cmTC_8e4f5.dir/CMakeCCompilerABI.c.obj --start-group -lgcc -lm -lc --end-group
gmake[1]: Leaving directory '/mnt/c/Code/oscc/firmware/build/CMakeFiles/CMakeTmp'



Parsed C implicit include dir info from above output: rv=done
  found start of include info
  found start of implicit include info
    add: [/usr/share/arduino/hardware/tools/avr/bin/../lib/gcc/avr/4.9.2/include]
    add: [/usr/share/arduino/hardware/tools/avr/bin/../lib/gcc/avr/4.9.2/include-fixed]
    add: [/usr/share/arduino/hardware/tools/avr/bin/../lib/gcc/avr/4.9.2/../../../../avr/include]
  end of search list found
  collapse include dir [/usr/share/arduino/hardware/tools/avr/bin/../lib/gcc/avr/4.9.2/include] ==> [/usr/share/arduino/hardware/tools/avr/lib/gcc/avr/4.9.2/include]
  collapse include dir [/usr/share/arduino/hardware/tools/avr/bin/../lib/gcc/avr/4.9.2/include-fixed] ==> [/usr/share/arduino/hardware/tools/avr/lib/gcc/avr/4.9.2/include-fixed]
  collapse include dir [/usr/share/arduino/hardware/tools/avr/bin/../lib/gcc/avr/4.9.2/../../../../avr/include] ==> [/usr/share/arduino/hardware/tools/avr/avr/include]
  implicit include dirs: [/usr/share/arduino/hardware/tools/avr/lib/gcc/avr/4.9.2/include;/usr/share/arduino/hardware/tools/avr/lib/gcc/avr/4.9.2/include-fixed;/usr/share/arduino/hardware/tools/avr/avr/include]


Parsed C implicit link information from above output:
  link line regex: [^( *|.*[/\])(avr-ld|CMAKE_LINK_STARTFILE-NOTFOUND|([^/\]+-)?ld|collect2)[^/\]*( |$)]
  ignore line: [Change Dir: /mnt/c/Code/oscc/firmware/build/CMakeFiles/CMakeTmp]
  ignore line: []
  ignore line: [Run Build Command(s):/usr/bin/gmake -f Makefile cmTC_8e4f5/fast && /usr/bin/gmake  -f CMakeFiles/cmTC_8e4f5.dir/build.make CMakeFiles/cmTC_8e4f5.dir/build]
  ignore line: [gmake[1]: Entering directory '/mnt/c/Code/oscc/firmware/build/CMakeFiles/CMakeTmp']
  ignore line: [Building C object CMakeFiles/cmTC_8e4f5.dir/CMakeCCompilerABI.c.obj]
  ignore line: [/usr/share/arduino/hardware/tools/avr/bin/avr-gcc   -g -Os       -mcall-prologues -ffunction-sections -fdata-sections    -v -o CMakeFiles/cmTC_8e4f5.dir/CMakeCCompilerABI.c.obj -c /usr/share/cmake-3.22/Modules/CMakeCCompilerABI.c]
  ignore line: [Using built-in specs.]
  ignore line: [Reading specs from /usr/share/arduino/hardware/tools/avr/bin/../lib/gcc/avr/4.9.2/device-specs/specs-avr2]
  ignore line: [COLLECT_GCC=/usr/share/arduino/hardware/tools/avr/bin/avr-gcc]
  ignore line: [Target: avr]
  ignore line: [Configured with: ../gcc/configure --enable-fixed-point --enable-languages=c c++ --prefix=/home/jenkins/workspace/avr-gcc/label/debian7-x86_64/objdir --enable-long-long --disable-nls --disable-checking --disable-libssp --disable-libada --disable-shared --enable-lto --with-avrlibc=yes --with-dwarf2 --disable-doc --target=avr]
  ignore line: [Thread model: single]
  ignore line: [gcc version 4.9.2 (GCC) ]
  ignore line: [COLLECT_GCC_OPTIONS='-g' '-Os' '-mcall-prologues' '-ffunction-sections' '-fdata-sections' '-v' '-o' 'CMakeFiles/cmTC_8e4f5.dir/CMakeCCompilerABI.c.obj' '-c' '-specs=device-specs/specs-avr2']
  ignore line: [ /usr/share/arduino/hardware/tools/avr/bin/../libexec/gcc/avr/4.9.2/cc1 -quiet -v -iprefix /usr/share/arduino/hardware/tools/avr/bin/../lib/gcc/avr/4.9.2/ /usr/share/cmake-3.22/Modules/CMakeCCompilerABI.c -mn-flash=6 -mskip-bug -quiet -dumpbase CMakeCCompilerABI.c -mcall-prologues -auxbase-strip CMakeFiles/cmTC_8e4f5.dir/CMakeCCompilerABI.c.obj -g -Os -version -ffunction-sections -fdata-sections -o /tmp/cct5pTsq.s]
  ignore line: [GNU C (GCC) version 4.9.2 (avr)]
  ignore line: [	compiled by GNU C version 4.7.2  GMP version 5.0.2  MPFR version 3.0.0  MPC version 0.9]
  ignore line: [GGC heuristics: --param ggc-min-expand=100 --param ggc-min-heapsize=131072]
  ignore line: [ignoring nonexistent directory "/usr/share/arduino/hardware/tools/avr/bin/../lib/gcc/avr/4.9.2/../../../../avr/sys-include"]
  ignore line: [ignoring duplicate directory "/usr/share/arduino/hardware/tools/avr/bin/../lib/gcc/../../lib/gcc/avr/4.9.2/include"]
  ignore line: [ignoring duplicate directory "/usr/share/arduino/hardware/tools/avr/bin/../lib/gcc/../../lib/gcc/avr/4.9.2/include-fixed"]
  ignore line: [ignoring nonexistent directory "/usr/share/arduino/hardware/tools/avr/bin/../lib/gcc/../../lib/gcc/avr/4.9.2/../../../../avr/sys-include"]
  ignore line: [ignoring duplicate directory "/usr/share/arduino/hardware/tools/avr/bin/../lib/gcc/../../lib/gcc/avr/4.9.2/../../../../avr/include"]
  ignore line: [#include "..." search starts here:]
  ignore line: [#include <...> search starts here:]
  ignore line: [ /usr/share/arduino/hardware/tools/avr/bin/../lib/gcc/avr/4.9.2/include]
  ignore line: [ /usr/share/arduino/hardware/tools/avr/bin/../lib/gcc/avr/4.9.2/include-fixed]
  ignore line: [ /usr/share/arduino/hardware/tools/avr/bin/../lib/gcc/avr/4.9.2/../../../../avr/include]
  ignore line: [End of search list.]
  ignore line: [GNU C (GCC) version 4.9.2 (avr)]
  ignore line: [	compiled by GNU C version 4.7.2  GMP version 5.0.2  MPFR version 3.0.0  MPC version 0.9]
  ignore line: [GGC heuristics: --param ggc-min-expand=100 --param ggc-min-heapsize=131072]
  ignore line: [Compiler executable checksum: 7cc8503644cb69b03942d35a77121f8a]
  ignore line: [COLLECT_GCC_OPTIONS='-g' '-Os' '-mcall-prologues' '-ffunction-sections' '-fdata-sections' '-v' '-o' 'CMakeFiles/cmTC_8e4f5.dir/CMakeCCompilerABI.c.obj' '-c' '-specs=device-specs/specs-avr2']
  ignore line: [ /usr/share/arduino/hardware/tools/avr/bin/../lib/gcc/avr/4.9.2/../../../../avr/bin/as -mmcu=avr2 -o CMakeFiles/cmTC_8e4f5.dir/CMakeCCompilerABI.c.obj /tmp/cct5pTsq.s]
  ignore line: [COMPILER_PATH=/usr/share/arduino/hardware/tools/avr/bin/../libexec/gcc/avr/4.9.2/:/usr/share/arduino/hardware/tools/avr/bin/../libexec/gcc/:/usr/share/arduino/hardware/tools/avr/bin/../lib/gcc/avr/4.9.2/../../../../avr/bin/]
  ignore line: [LIBRARY_PATH=/usr/share/arduino/hardware/tools/avr/bin/../lib/gcc/avr/4.9.2/:/usr/share/arduino/hardware/tools/avr/bin/../lib/gcc/:/usr/share/arduino/hardware/tools/avr/bin/../lib/gcc/avr/4.9.2/../../../../avr/lib/]
  ignore line: [COLLECT_GCC_OPTIONS='-g' '-Os' '-mcall-prologues' '-ffunction-sections' '-fdata-sections' '-v' '-o' 'CMakeFiles/cmTC_8e4f5.dir/CMakeCCompilerABI.c.obj' '-c' '-specs=device-specs/specs-avr2']
  ignore line: [Linking C executable cmTC_8e4f5]
  ignore line: [/usr/bin/cmake -E cmake_link_script CMakeFiles/cmTC_8e4f5.dir/link.txt --verbose=1]
  ignore line: [/usr/share/arduino/hardware/tools/avr/bin/avr-gcc -g -Os       -mcall-prologues -ffunction-sections -fdata-sections  -Wl --gc-sections -lm -v CMakeFiles/cmTC_8e4f5.dir/CMakeCCompilerABI.c.obj -o cmTC_8e4f5 ]
  ignore line: [Using built-in specs.]
  ignore line: [Reading specs from /usr/share/arduino/hardware/tools/avr/bin/../lib/gcc/avr/4.9.2/device-specs/specs-avr2]
  ignore line: [COLLECT_GCC=/usr/share/arduino/hardware/tools/avr/bin/avr-gcc]
  ignore line: [COLLECT_LTO_WRAPPER=/usr/share/arduino/hardware/tools/avr/bin/../libexec/gcc/avr/4.9.2/lto-wrapper]
  ignore line: [Target: avr]
  ignore line: [Configured with: ../gcc/configure --enable-fixed-point --enable-languages=c c++ --prefix=/home/jenkins/workspace/avr-gcc/label/debian7-x86_64/objdir --enable-long-long --disable-nls --disable-checking --disable-libssp --disable-libada --disable-shared --enable-lto --with-avrlibc=yes --with-dwarf2 --disable-doc --target=avr]
  ignore line: [Thread model: single]
  ignore line: [gcc version 4.9.2 (GCC) ]
  ignore line: [COMPILER_PATH=/usr/share/arduino/hardware/tools/avr/bin/../libexec/gcc/avr/4.9.2/:/usr/share/arduino/hardware/tools/avr/bin/../libexec/gcc/:/usr/share/arduino/hardware/tools/avr/bin/../lib/gcc/avr/4.9.2/../../../../avr/bin/]
  ignore line: [LIBRARY_PATH=/usr/share/arduino/hardware/tools/avr/bin/../lib/gcc/avr/4.9.2/:/usr/share/arduino/hardware/tools/avr/bin/../lib/gcc/:/usr/share/arduino/hardware/tools/avr/bin/../lib/gcc/avr/4.9.2/../../../../avr/lib/]
  ignore line: [COLLECT_GCC_OPTIONS='-g' '-Os' '-mcall-prologues' '-ffunction-sections' '-fdata-sections' '-v' '-o' 'cmTC_8e4f5' '-specs=device-specs/specs-avr2']
  link line: [ /usr/share/arduino/hardware/tools/avr/bin/../libexec/gcc/avr/4.9.2/collect2 -plugin /usr/share/arduino/hardware/tools/avr/bin/../libexec/gcc/avr/4.9.2/liblto_plugin.so -plugin-opt=/usr/share/arduino/hardware/tools/avr/bin/../libexec/gcc/avr/4.9.2/lto-wrapper -plugin-opt=-fresolution=/tmp/ccqkOPOC.res -plugin-opt=-pass-through=-lgcc -plugin-opt=-pass-through=-lm -plugin-opt=-pass-through=-lc -o cmTC_8e4f5 -L/usr/share/arduino/hardware/tools/avr/bin/../lib/gcc/avr/4.9.2 -L/usr/share/arduino/hardware/tools/avr/bin/../lib/gcc -L/usr/share/arduino/hardware/tools/avr/bin/../lib/gcc/avr/4.9.2/../../../../avr/lib --gc-sections -lm CMakeFiles/cmTC_8e4f5.dir/CMakeCCompilerABI.c.obj --start-group -lgcc -lm -lc --end-group]
    arg [/usr/share/arduino/hardware/tools/avr/bin/../libexec/gcc/avr/4.9.2/collect2] ==> ignore
    arg [-plugin] ==> ignore
    arg [/usr/share/arduino/hardware/tools/avr/bin/../libexec/gcc/avr/4.9.2/liblto_plugin.so] ==> ignore
    arg [-plugin-opt=/usr/share/arduino/hardware/tools/avr/bin/../libexec/gcc/avr/4.9.2/lto-wrapper] ==> ignore
    arg [-plugin-opt=-fresolution=/tmp/ccqkOPOC.res] ==> ignore
    arg [-plugin-opt=-pass-through=-lgcc] ==> ignore
    arg [-plugin-opt=-pass-through=-lm] ==> ignore
    arg [-plugin-opt=-pass-through=-lc] ==> ignore
    arg [-o] ==> ignore
    arg [cmTC_8e4f5] ==> ignore
    arg [-L/usr/share/arduino/hardware/tools/avr/bin/../lib/gcc/avr/4.9.2] ==> dir [/usr/share/arduino/hardware/tools/avr/bin/../lib/gcc/avr/4.9.2]
    arg [-L/usr/share/arduino/hardware/tools/avr/bin/../lib/gcc] ==> dir [/usr/share/arduino/hardware/tools/avr/bin/../lib/gcc]
    arg [-L/usr/share/arduino/hardware/tools/avr/bin/../lib/gcc/avr/4.9.2/../../../../avr/lib] ==> dir [/usr/share/arduino/hardware/tools/avr/bin/../lib/gcc/avr/4.9.2/../../../../avr/lib]
    arg [--gc-sections] ==> ignore
    arg [-lm] ==> lib [m]
    arg [CMakeFiles/cmTC_8e4f5.dir/CMakeCCompilerABI.c.obj] ==> ignore
    arg [--start-group] ==> ignore
    arg [-lgcc] ==> lib [gcc]
    arg [-lm] ==> lib [m]
    arg [-lc] ==> lib [c]
    arg [--end-group] ==> ignore
  collapse library dir [/usr/share/arduino/hardware/tools/avr/bin/../lib/gcc/avr/4.9.2] ==> [/usr/share/arduino/hardware/tools/avr/lib/gcc/avr/4.9.2]
  collapse library dir [/usr/share/arduino/hardware/tools/avr/bin/../lib/gcc] ==> [/usr/share/arduino/hardware/tools/avr/lib/gcc]
  collapse library dir [/usr/share/arduino/hardware/tools/avr/bin/../lib/gcc/avr/4.9.2/../../../../avr/lib] ==> [/usr/share/arduino/hardware/tools/avr/avr/lib]
  implicit libs: [m;gcc;m;c]
  implicit objs: []
  implicit dirs: [/usr/share/arduino/hardware/tools/avr/lib/gcc/avr/4.9.2;/usr/share/arduino/hardware/tools/avr/lib/gcc;/usr/share/arduino/hardware/tools/avr/avr/lib]
  implicit fwks: []


Detecting CXX compiler ABI info compiled with the following output:
Change Dir: /mnt/c/Code/oscc/firmware/build/CMakeFiles/CMakeTmp

Run Build Command(s):/usr/bin/gmake -f Makefile cmTC_46578/fast && /usr/bin/gmake  -f CMakeFiles/cmTC_46578.dir/build.make CMakeFiles/cmTC_46578.dir/build
gmake[1]: Entering directory '/mnt/c/Code/oscc/firmware/build/CMakeFiles/CMakeTmp'
Building CXX object CMakeFiles/cmTC_46578.dir/CMakeCXXCompilerABI.cpp.obj
/usr/share/arduino/hardware/tools/avr/bin/avr-g++   -g -Os        -fno-exceptions    -v -o CMakeFiles/cmTC_46578.dir/CMakeCXXCompilerABI.cpp.obj -c /usr/share/cmake-3.22/Modules/CMakeCXXCompilerABI.cpp
Using built-in specs.
Reading specs from /usr/share/arduino/hardware/tools/avr/bin/../lib/gcc/avr/4.9.2/device-specs/specs-avr2
COLLECT_GCC=/usr/share/arduino/hardware/tools/avr/bin/avr-g++
Target: avr
Configured with: ../gcc/configure --enable-fixed-point --enable-languages=c,c++ --prefix=/home/jenkins/workspace/avr-gcc/label/debian7-x86_64/objdir --enable-long-long --disable-nls --disable-checking --disable-libssp --disable-libada --disable-shared --enable-lto --with-avrlibc=yes --with-dwarf2 --disable-doc --target=avr
Thread model: single
gcc version 4.9.2 (GCC) 
COLLECT_GCC_OPTIONS='-g' '-Os' '-fno-exceptions' '-v' '-o' 'CMakeFiles/cmTC_46578.dir/CMakeCXXCompilerABI.cpp.obj' '-c' '-specs=device-specs/specs-avr2'
 /usr/share/arduino/hardware/tools/avr/bin/../libexec/gcc/avr/4.9.2/cc1plus -quiet -v -iprefix /usr/share/arduino/hardware/tools/avr/bin/../lib/gcc/avr/4.9.2/ /usr/share/cmake-3.22/Modules/CMakeCXXCompilerABI.cpp -mn-flash=6 -mskip-bug -quiet -dumpbase CMakeCXXCompilerABI.cpp -auxbase-strip CMakeFiles/cmTC_46578.dir/CMakeCXXCompilerABI.cpp.obj -g -Os -version -fno-exceptions -mn-flash=6 -mskip-bug -fno-rtti -fno-enforce-eh-specs -fno-exceptions -o /tmp/ccJJMymj.s
GNU C++ (GCC) version 4.9.2 (avr)
	compiled by GNU C version 4.7.2, GMP version 5.0.2, MPFR version 3.0.0, MPC version 0.9
GGC heuristics: --param ggc-min-expand=100 --param ggc-min-heapsize=131072
ignoring nonexistent directory "/usr/share/arduino/hardware/tools/avr/bin/../lib/gcc/avr/4.9.2/../../../../avr/include/c++/4.9.2"
ignoring nonexistent directory "/usr/share/arduino/hardware/tools/avr/bin/../lib/gcc/avr/4.9.2/../../../../avr/include/c++/4.9.2/avr"
ignoring nonexistent directory "/usr/share/arduino/hardware/tools/avr/bin/../lib/gcc/avr/4.9.2/../../../../avr/include/c++/4.9.2/backward"
ignoring nonexistent directory "/usr/share/arduino/hardware/tools/avr/bin/../lib/gcc/avr/4.9.2/../../../../avr/sys-include"
ignoring nonexistent directory "/usr/share/arduino/hardware/tools/avr/bin/../lib/gcc/../../lib/gcc/avr/4.9.2/../../../../avr/include/c++/4.9.2"
ignoring nonexistent directory "/usr/share/arduino/hardware/tools/avr/bin/../lib/gcc/../../lib/gcc/avr/4.9.2/../../../../avr/include/c++/4.9.2/avr"
ignoring nonexistent directory "/usr/share/arduino/hardware/tools/avr/bin/../lib/gcc/../../lib/gcc/avr/4.9.2/../../../../avr/include/c++/4.9.2/backward"
ignoring duplicate directory "/usr/share/arduino/hardware/tools/avr/bin/../lib/gcc/../../lib/gcc/avr/4.9.2/include"
ignoring duplicate directory "/usr/share/arduino/hardware/tools/avr/bin/../lib/gcc/../../lib/gcc/avr/4.9.2/include-fixed"
ignoring nonexistent directory "/usr/share/arduino/hardware/tools/avr/bin/../lib/gcc/../../lib/gcc/avr/4.9.2/../../../../avr/sys-include"
ignoring duplicate directory "/usr/share/arduino/hardware/tools/avr/bin/../lib/gcc/../../lib/gcc/avr/4.9.2/../../../../avr/include"
#include "..." search starts here:
#include <...> search starts here:
 /usr/share/arduino/hardware/tools/avr/bin/../lib/gcc/avr/4.9.2/include
 /usr/share/arduino/hardware/tools/avr/bin/../lib/gcc/avr/4.9.2/include-fixed
 /usr/share/arduino/hardware/tools/avr/bin/../lib/gcc/avr/4.9.2/../../../../avr/include
End of search list.
GNU C++ (GCC) version 4.9.2 (avr)
	compiled by GNU C version 4.7.2, GMP version 5.0.2, MPFR version 3.0.0, MPC version 0.9
GGC heuristics: --param ggc-min-expand=100 --param ggc-min-heapsize=131072
Compiler executable checksum: add38dff371784ceefd7a68bc3596e42
COLLECT_GCC_OPTIONS='-g' '-Os' '-fno-exceptions' '-v' '-o' 'CMakeFiles/cmTC_46578.dir/CMakeCXXCompilerABI.cpp.obj' '-c' '-specs=device-specs/specs-avr2'
 /usr/share/arduino/hardware/tools/avr/bin/../lib/gcc/avr/4.9.2/../../../../avr/bin/as -mmcu=avr2 -o CMakeFiles/cmTC_46578.dir/CMakeCXXCompilerABI.cpp.obj /tmp/ccJJMymj.s
COMPILER_PATH=/usr/share/arduino/hardware/tools/avr/bin/../libexec/gcc/avr/4.9.2/:/usr/share/arduino/hardware/tools/avr/bin/../libexec/gcc/:/usr/share/arduino/hardware/tools/avr/bin/../lib/gcc/avr/4.9.2/../../../../avr/bin/
LIBRARY_PATH=/usr/share/arduino/hardware/tools/avr/bin/../lib/gcc/avr/4.9.2/:/usr/share/arduino/hardware/tools/avr/bin/../lib/gcc/:/usr/share/arduino/hardware/tools/avr/bin/../lib/gcc/avr/4.9.2/../../../../avr/lib/
COLLECT_GCC_OPTIONS='-g' '-Os' '-fno-exceptions' '-v' '-o' 'CMakeFiles/cmTC_46578.dir/CMakeCXXCompilerABI.cpp.obj' '-c' '-specs=device-specs/specs-avr2'
Linking CXX executable cmTC_46578
/usr/bin/cmake -E cmake_link_script CMakeFiles/cmTC_46578.dir/link.txt --verbose=1
/usr/share/arduino/hardware/tools/avr/bin/avr-g++ -g -Os        -fno-exceptions  -Wl,--gc-sections -lm -v CMakeFiles/cmTC_46578.dir/CMakeCXXCompilerABI.cpp.obj -o cmTC_46578 
Using built-in specs.
Reading specs from /usr/share/arduino/hardware/tools/avr/bin/../lib/gcc/avr/4.9.2/device-specs/specs-avr2
COLLECT_GCC=/usr/share/arduino/hardware/tools/avr/bin/avr-g++
COLLECT_LTO_WRAPPER=/usr/share/arduino/hardware/tools/avr/bin/../libexec/gcc/avr/4.9.2/lto-wrapper
Target: avr
Configured with: ../gcc/configure --enable-fixed-point --enable-languages=c,c++ --prefix=/home/jenkins/workspace/avr-gcc/label/debian7-x86_64/objdir --enable-long-long --disable-nls --disable-checking --disable-libssp --disable-libada --disable-shared --enable-lto --with-avrlibc=yes --with-dwarf2 --disable-doc --target=avr
Thread model: single
gcc version 4.9.2 (GCC) 
COMPILER_PATH=/usr/share/arduino/hardware/tools/avr/bin/../libexec/gcc/avr/4.9.2/:/usr/share/arduino/hardware/tools/avr/bin/../libexec/gcc/:/usr/share/arduino/hardware/tools/avr/bin/../lib/gcc/avr/4.9.2/../../../../avr/bin/
LIBRARY_PATH=/usr/share/arduino/hardware/tools/avr/bin/../lib/gcc/avr/4.9.2/:/usr/share/arduino/hardware/tools/avr/bin/../lib/gcc/:/usr/share/arduino/hardware/tools/avr/bin/../lib/gcc/avr/4.9.2/../../../../avr/lib/
COLLECT_GCC_OPTIONS='-g' '-Os' '-fno-exceptions' '-v' '-o' 'cmTC_46578' '-specs=device-specs/specs-avr2'
 /usr/share/arduino/hardware/tools/avr/bin/../libexec/gcc/avr/4.9.2/collect2 -plugin /usr/share/arduino/hardware/tools/avr/bin/../libexec/gcc/avr/4.9.2/liblto_plugin.so -plugin-opt=/usr/share/arduino/hardware/tools/avr/bin/../libexec/gcc/avr/4.9.2/lto-wrapper -plugin-opt=-fresolution=/tmp/ccvPXiqX.res -plugin-opt=-pass-through=-lgcc -plugin-opt=-pass-through=-lm -plugin-opt=-pass-through=-lc -o cmTC_46578 -L/usr/share/arduino/hardware/tools/avr/bin/../lib/gcc/avr/4.9.2 -L/usr/share/arduino/hardware/tools/avr/bin/../lib/gcc -L/usr/share/arduino/hardware/tools/avr/bin/../lib/gcc/avr/4.9.2/../../../../avr/lib --gc-sections CMakeFiles/cmTC_46578.dir/CMakeCXXCompilerABI.cpp.obj -lgcc -lm --start-group -lgcc -lm -lc --end-group
gmake[1]: Leaving directory '/mnt/c/Code/oscc/firmware/build/CMakeFiles/CMakeTmp'



Parsed CXX implicit include dir info from above output: rv=done
  found start of include info
  found start of implicit include info
    add: [/usr/share/arduino/hardware/tools/avr/bin/../lib/gcc/avr/4.9.2/include]
    add: [/usr/share/arduino/hardware/tools/avr/bin/../lib/gcc/avr/4.9.2/include-fixed]
    add: [/usr/share/arduino/hardware/tools/avr/bin/../lib/gcc/avr/4.9.2/../../../../avr/include]
  end of search list found
  collapse include dir [/usr/share/arduino/hardware/tools/avr/bin/../lib/gcc/avr/4.9.2/include] ==> [/usr/share/arduino/hardware/tools/avr/lib/gcc/avr/4.9.2/include]
  collapse include dir [/usr/share/arduino/hardware/tools/avr/bin/../lib/gcc/avr/4.9.2/include-fixed] ==> [/usr/share/arduino/hardware/tools/avr/lib/gcc/avr/4.9.2/include-fixed]
  collapse include dir [/usr/share/arduino/hardware/tools/avr/bin/../lib/gcc/avr/4.9.2/../../../../avr/include] ==> [/usr/share/arduino/hardware/tools/avr/avr/include]
  implicit include dirs: [/usr/share/arduino/hardware/tools/avr/lib/gcc/avr/4.9.2/include;/usr/share/arduino/hardware/tools/avr/lib/gcc/avr/4.9.2/include-fixed;/usr/share/arduino/hardware/tools/avr/avr/include]


Parsed CXX implicit link information from above output:
  link line regex: [^( *|.*[/\])(avr-ld|CMAKE_LINK_STARTFILE-NOTFOUND|([^/\]+-)?ld|collect2)[^/\]*( |$)]
  ignore line: [Change Dir: /mnt/c/Code/oscc/firmware/build/CMakeFiles/CMakeTmp]
  ignore line: []
  ignore line: [Run Build Command(s):/usr/bin/gmake -f Makefile cmTC_46578/fast && /usr/bin/gmake  -f CMakeFiles/cmTC_46578.dir/build.make CMakeFiles/cmTC_46578.dir/build]
  ignore line: [gmake[1]: Entering directory '/mnt/c/Code/oscc/firmware/build/CMakeFiles/CMakeTmp']
  ignore line: [Building CXX object CMakeFiles/cmTC_46578.dir/CMakeCXXCompilerABI.cpp.obj]
  ignore line: [/usr/share/arduino/hardware/tools/avr/bin/avr-g++   -g -Os        -fno-exceptions    -v -o CMakeFiles/cmTC_46578.dir/CMakeCXXCompilerABI.cpp.obj -c /usr/share/cmake-3.22/Modules/CMakeCXXCompilerABI.cpp]
  ignore line: [Using built-in specs.]
  ignore line: [Reading specs from /usr/share/arduino/hardware/tools/avr/bin/../lib/gcc/avr/4.9.2/device-specs/specs-avr2]
  ignore line: [COLLECT_GCC=/usr/share/arduino/hardware/tools/avr/bin/avr-g++]
  ignore line: [Target: avr]
  ignore line: [Configured with: ../gcc/configure --enable-fixed-point --enable-languages=c c++ --prefix=/home/jenkins/workspace/avr-gcc/label/debian7-x86_64/objdir --enable-long-long --disable-nls --disable-checking --disable-libssp --disable-libada --disable-shared --enable-lto --with-avrlibc=yes --with-dwarf2 --disable-doc --target=avr]
  ignore line: [Thread model: single]
  ignore line: [gcc version 4.9.2 (GCC) ]
  ignore line: [COLLECT_GCC_OPTIONS='-g' '-Os' '-fno-exceptions' '-v' '-o' 'CMakeFiles/cmTC_46578.dir/CMakeCXXCompilerABI.cpp.obj' '-c' '-specs=device-specs/specs-avr2']
  ignore line: [ /usr/share/arduino/hardware/tools/avr/bin/../libexec/gcc/avr/4.9.2/cc1plus -quiet -v -iprefix /usr/share/arduino/hardware/tools/avr/bin/../lib/gcc/avr/4.9.2/ /usr/share/cmake-3.22/Modules/CMakeCXXCompilerABI.cpp -mn-flash=6 -mskip-bug -quiet -dumpbase CMakeCXXCompilerABI.cpp -auxbase-strip CMakeFiles/cmTC_46578.dir/CMakeCXXCompilerABI.cpp.obj -g -Os -version -fno-exceptions -mn-flash=6 -mskip-bug -fno-rtti -fno-enforce-eh-specs -fno-exceptions -o /tmp/ccJJMymj.s]
  ignore line: [GNU C++ (GCC) version 4.9.2 (avr)]
  ignore line: [	compiled by GNU C version 4.7.2  GMP version 5.0.2  MPFR version 3.0.0  MPC version 0.9]
  ignore line: [GGC heuristics: --param ggc-min-expand=100 --param ggc-min-heapsize=131072]
  ignore line: [ignoring nonexistent directory "/usr/share/arduino/hardware/tools/avr/bin/../lib/gcc/avr/4.9.2/../../../../avr/include/c++/4.9.2"]
  ignore line: [ignoring nonexistent directory "/usr/share/arduino/hardware/tools/avr/bin/../lib/gcc/avr/4.9.2/../../../../avr/include/c++/4.9.2/avr"]
  ignore line: [ignoring nonexistent directory "/usr/share/arduino/hardware/tools/avr/bin/../lib/gcc/avr/4.9.2/../../../../avr/include/c++/4.9.2/backward"]
  ignore line: [ignoring nonexistent directory "/usr/share/arduino/hardware/tools/avr/bin/../lib/gcc/avr/4.9.2/../../../../avr/sys-include"]
  ignore line: [ignoring nonexistent directory "/usr/share/arduino/hardware/tools/avr/bin/../lib/gcc/../../lib/gcc/avr/4.9.2/../../../../avr/include/c++/4.9.2"]
  ignore line: [ignoring nonexistent directory "/usr/share/arduino/hardware/tools/avr/bin/../lib/gcc/../../lib/gcc/avr/4.9.2/../../../../avr/include/c++/4.9.2/avr"]
  ignore line: [ignoring nonexistent directory "/usr/share/arduino/hardware/tools/avr/bin/../lib/gcc/../../lib/gcc/avr/4.9.2/../../../../avr/include/c++/4.9.2/backward"]
  ignore line: [ignoring duplicate directory "/usr/share/arduino/hardware/tools/avr/bin/../lib/gcc/../../lib/gcc/avr/4.9.2/include"]
  ignore line: [ignoring duplicate directory "/usr/share/arduino/hardware/tools/avr/bin/../lib/gcc/../../lib/gcc/avr/4.9.2/include-fixed"]
  ignore line: [ignoring nonexistent directory "/usr/share/arduino/hardware/tools/avr/bin/../lib/gcc/../../lib/gcc/avr/4.9.2/../../../../avr/sys-include"]
  ignore line: [ignoring duplicate directory "/usr/share/arduino/hardware/tools/avr/bin/../lib/gcc/../../lib/gcc/avr/4.9.2/../../../../avr/include"]
  ignore line: [#include "..." search starts here:]
  ignore line: [#include <...> search starts here:]
  ignore line: [ /usr/share/arduino/hardware/tools/avr/bin/../lib/gcc/avr/4.9.2/include]
  ignore line: [ /usr/share/arduino/hardware/tools/avr/bin/../lib/gcc/avr/4.9.2/include-fixed]
  ignore line: [ /usr/share/arduino/hardware/tools/avr/bin/../lib/gcc/avr/4.9.2/../../../../avr/include]
  ignore line: [End of search list.]
  ignore line: [GNU C++ (GCC) version 4.9.2 (avr)]
  ignore line: [	compiled by GNU C version 4.7.2  GMP version 5.0.2  MPFR version 3.0.0  MPC version 0.9]
  ignore line: [GGC heuristics: --param ggc-min-expand=100 --param ggc-min-heapsize=131072]
  ignore line: [Compiler executable checksum: add38dff371784ceefd7a68bc3596e42]
  ignore line: [COLLECT_GCC_OPTIONS='-g' '-Os' '-fno-exceptions' '-v' '-o' 'CMakeFiles/cmTC_46578.dir/CMakeCXXCompilerABI.cpp.obj' '-c' '-specs=device-specs/specs-avr2']
  ignore line: [ /usr/share/arduino/hardware/tools/avr/bin/../lib/gcc/avr/4.9.2/../../../../avr/bin/as -mmcu=avr2 -o CMakeFiles/cmTC_46578.dir/CMakeCXXCompilerABI.cpp.obj /tmp/ccJJMymj.s]
  ignore line: [COMPILER_PATH=/usr/share/arduino/hardware/tools/avr/bin/../libexec/gcc/avr/4.9.2/:/usr/share/arduino/hardware/tools/avr/bin/../libexec/gcc/:/usr/share/arduino/hardware/tools/avr/bin/../lib/gcc/avr/4.9.2/../../../../avr/bin/]
  ignore line: [LIBRARY_PATH=/usr/share/arduino/hardware/tools/avr/bin/../lib/gcc/avr/4.9.2/:/usr/share/arduino/hardware/tools/avr/bin/../lib/gcc/:/usr/share/arduino/hardware/tools/avr/bin/../lib/gcc/avr/4.9.2/../../../../avr/lib/]
  ignore line: [COLLECT_GCC_OPTIONS='-g' '-Os' '-fno-exceptions' '-v' '-o' 'CMakeFiles/cmTC_46578.dir/CMakeCXXCompilerABI.cpp.obj' '-c' '-specs=device-specs/specs-avr2']
  ignore line: [Linking CXX executable cmTC_46578]
  ignore line: [/usr/bin/cmake -E cmake_link_script CMakeFiles/cmTC_46578.dir/link.txt --verbose=1]
  ignore line: [/usr/share/arduino/hardware/tools/avr/bin/avr-g++ -g -Os        -fno-exceptions  -Wl --gc-sections -lm -v CMakeFiles/cmTC_46578.dir/CMakeCXXCompilerABI.cpp.obj -o cmTC_46578 ]
  ignore line: [Using built-in specs.]
  ignore line: [Reading specs from /usr/share/arduino/hardware/tools/avr/bin/../lib/gcc/avr/4.9.2/device-specs/specs-avr2]
  ignore line: [COLLECT_GCC=/usr/share/arduino/hardware/tools/avr/bin/avr-g++]
  ignore line: [COLLECT_LTO_WRAPPER=/usr/share/arduino/hardware/tools/avr/bin/../libexec/gcc/avr/4.9.2/lto-wrapper]
  ignore line: [Target: avr]
  ignore line: [Configured with: ../gcc/configure --enable-fixed-point --enable-languages=c c++ --prefix=/home/jenkins/workspace/avr-gcc/label/debian7-x86_64/objdir --enable-long-long --disable-nls --disable-checking --disable-libssp --disable-libada --disable-shared --enable-lto --with-avrlibc=yes --with-dwarf2 --disable-doc --target=avr]
  ignore line: [Thread model: single]
  ignore line: [gcc version 4.9.2 (GCC) ]
  ignore line: [COMPILER_PATH=/usr/share/arduino/hardware/tools/avr/bin/../libexec/gcc/avr/4.9.2/:/usr/share/arduino/hardware/tools/avr/bin/../libexec/gcc/:/usr/share/arduino/hardware/tools/avr/bin/../lib/gcc/avr/4.9.2/../../../../avr/bin/]
  ignore line: [LIBRARY_PATH=/usr/share/arduino/hardware/tools/avr/bin/../lib/gcc/avr/4.9.2/:/usr/share/arduino/hardware/tools/avr/bin/../lib/gcc/:/usr/share/arduino/hardware/tools/avr/bin/../lib/gcc/avr/4.9.2/../../../../avr/lib/]
  ignore line: [COLLECT_GCC_OPTIONS='-g' '-Os' '-fno-exceptions' '-v' '-o' 'cmTC_46578' '-specs=device-specs/specs-avr2']
  link line: [ /usr/share/arduino/hardware/tools/avr/bin/../libexec/gcc/avr/4.9.2/collect2 -plugin /usr/share/arduino/hardware/tools/avr/bin/../libexec/gcc/avr/4.9.2/liblto_plugin.so -plugin-opt=/usr/share/arduino/hardware/tools/avr/bin/../libexec/gcc/avr/4.9.2/lto-wrapper -plugin-opt=-fresolution=/tmp/ccvPXiqX.res -plugin-opt=-pass-through=-lgcc -plugin-opt=-pass-through=-lm -plugin-opt=-pass-through=-lc -o cmTC_46578 -L/usr/share/arduino/hardware/tools/avr/bin/../lib/gcc/avr/4.9.2 -L/usr/share/arduino/hardware/tools/avr/bin/../lib/gcc -L/usr/share/arduino/hardware/tools/avr/bin/../lib/gcc/avr/4.9.2/../../../../avr/lib --gc-sections CMakeFiles/cmTC_46578.dir/CMakeCXXCompilerABI.cpp.obj -lgcc -lm --start-group -lgcc -lm -lc --end-group]
    arg [/usr/share/arduino/hardware/tools/avr/bin/../libexec/gcc/avr/4.9.2/collect2] ==> ignore
    arg [-plugin] ==> ignore
    arg [/usr/share/arduino/hardware/tools/avr/bin/../libexec/gcc/avr/4.9.2/liblto_plugin.so] ==> ignore
    arg [-plugin-opt=/usr/share/arduino/hardware/tools/avr/bin/../libexec/gcc/avr/4.9.2/lto-wrapper] ==> ignore
    arg [-plugin-opt=-fresolution=/tmp/ccvPXiqX.res] ==> ignore
    arg [-plugin-opt=-pass-through=-lgcc] ==> ignore
    arg [-plugin-opt=-pass-through=-lm] ==> ignore
    arg [-plugin-opt=-pass-through=-lc] ==> ignore
    arg [-o] ==> ignore
    arg [cmTC_46578] ==> ignore
    arg [-L/usr/share/arduino/hardware/tools/avr/bin/../lib/gcc/avr/4.9.2] ==> dir [/usr/share/arduino/hardware/tools/avr/bin/../lib/gcc/avr/4.9.2]
    arg [-L/usr/share/arduino/hardware/tools/avr/bin/../lib/gcc] ==> dir [/usr/share/arduino/hardware/tools/avr/bin/../lib/gcc]
    arg [-L/usr/share/arduino/hardware/tools/avr/bin/../lib/gcc/avr/4.9.2/../../../../avr/lib] ==> dir [/usr/share/arduino/hardware/tools/avr/bin/../lib/gcc/avr/4.9.2/../../../../avr/lib]
    arg [--gc-sections] ==> ignore
    arg [CMakeFiles/cmTC_46578.dir/CMakeCXXCompilerABI.cpp.obj] ==> ignore
    arg [-lgcc] ==> lib [gcc]
    arg [-lm] ==> lib [m]
    arg [--start-group] ==> ignore
    arg [-lgcc] ==> lib [gcc]
    arg [-lm] ==> lib [m]
    arg [-lc] ==> lib [c]
    arg [--end-group] ==> ignore
  collapse library dir [/usr/share/arduino/hardware/tools/avr/bin/../lib/gcc/avr/4.9.2] ==> [/usr/share/arduino/hardware/tools/avr/lib/gcc/avr/4.9.2]
  collapse library dir [/usr/share/arduino/hardware/tools/avr/bin/../lib/gcc] ==> [/usr/share/arduino/hardware/tools/avr/lib/gcc]
  collapse library dir [/usr/share/arduino/hardware/tools/avr/bin/../lib/gcc/avr/4.9.2/../../../../avr/lib] ==> [/usr/share/arduino/hardware/tools/avr/avr/lib]
  implicit libs: [gcc;m;gcc;m;c]
  implicit objs: []
  implicit dirs: [/usr/share/arduino/hardware/tools/avr/lib/gcc/avr/4.9.2;/usr/share/arduino/hardware/tools/avr/lib/gcc;/usr/share/arduino/hardware/tools/avr/avr/lib]
  implicit fwks: []




Detecting CXX [-std=c++14] compiler features compiled with the following output:
Change Dir: /mnt/c/Code/oscc/firmware/build/CMakeFiles/CMakeTmp

Run Build Command(s):/usr/bin/gmake -f Makefile cmTC_91a4a/fast && /usr/bin/gmake  -f CMakeFiles/cmTC_91a4a.dir/build.make CMakeFiles/cmTC_91a4a.dir/build
gmake[1]: Entering directory '/mnt/c/Code/oscc/firmware/build/CMakeFiles/CMakeTmp'
Building CXX object CMakeFiles/cmTC_91a4a.dir/feature_tests.cxx.obj
/usr/share/arduino/hardware/tools/avr/bin/avr-g++   -g -Os        -fno-exceptions    -std=c++14 -o CMakeFiles/cmTC_91a4a.dir/feature_tests.cxx.obj -c /mnt/c/Code/oscc/firmware/build/CMakeFiles/feature_tests.cxx
Linking CXX executable cmTC_91a4a
/usr/bin/cmake -E cmake_link_script CMakeFiles/cmTC_91a4a.dir/link.txt --verbose=1
/usr/share/arduino/hardware/tools/avr/bin/avr-g++ -g -Os        -fno-exceptions  -Wl,--gc-sections -lm  CMakeFiles/cmTC_91a4a.dir/feature_tests.cxx.obj -o cmTC_91a4a 
gmake[1]: Leaving directory '/mnt/c/Code/oscc/firmware/build/CMakeFiles/CMakeTmp'



